<?xml version="1.0" encoding="UTF-8"?>
<testsuite name="edu.uoc.trip.model.levels.LevelTest" tests="19" skipped="0" failures="0" errors="0" timestamp="2022-09-15T15:52:46" hostname="DESKTOP-SBT5L69" time="0.202">
  <properties/>
  <testcase name="[1] 1" classname="edu.uoc.trip.model.levels.LevelTest" time="0.066"/>
  <testcase name="[2] 2" classname="edu.uoc.trip.model.levels.LevelTest" time="0.004"/>
  <testcase name="[3] 3" classname="edu.uoc.trip.model.levels.LevelTest" time="0.004"/>
  <testcase name="[4] 4" classname="edu.uoc.trip.model.levels.LevelTest" time="0.004"/>
  <testcase name="[5] 5" classname="edu.uoc.trip.model.levels.LevelTest" time="0.004"/>
  <testcase name="[6] 6" classname="edu.uoc.trip.model.levels.LevelTest" time="0.004"/>
  <testcase name="[7] 7" classname="edu.uoc.trip.model.levels.LevelTest" time="0.004"/>
  <testcase name="[8] 8" classname="edu.uoc.trip.model.levels.LevelTest" time="0.003"/>
  <testcase name="[9] 9" classname="edu.uoc.trip.model.levels.LevelTest" time="0.004"/>
  <testcase name="[1] 1" classname="edu.uoc.trip.model.levels.LevelTest" time="0.006"/>
  <testcase name="[2] 2" classname="edu.uoc.trip.model.levels.LevelTest" time="0.007"/>
  <testcase name="[3] 3" classname="edu.uoc.trip.model.levels.LevelTest" time="0.004"/>
  <testcase name="[4] 4" classname="edu.uoc.trip.model.levels.LevelTest" time="0.006"/>
  <testcase name="[5] 5" classname="edu.uoc.trip.model.levels.LevelTest" time="0.007"/>
  <testcase name="[6] 6" classname="edu.uoc.trip.model.levels.LevelTest" time="0.005"/>
  <testcase name="[7] 7" classname="edu.uoc.trip.model.levels.LevelTest" time="0.004"/>
  <testcase name="[8] 8" classname="edu.uoc.trip.model.levels.LevelTest" time="0.003"/>
  <testcase name="[9] 9" classname="edu.uoc.trip.model.levels.LevelTest" time="0.004"/>
  <testcase name="Advanced - isSolvedLevel0" classname="edu.uoc.trip.model.levels.LevelTest" time="0.005"/>
  <system-out><![CDATA[]]></system-out>
  <system-err><![CDATA[]]></system-err>
</testsuite>
