<?xml version="1.0" encoding="UTF-8"?>
<testsuite name="edu.uoc.trip.model.cells.CellTypeTest" tests="6" skipped="0" failures="0" errors="0" timestamp="2022-09-15T15:52:22" hostname="DESKTOP-SBT5L69" time="0.015">
  <properties/>
  <testcase name="Minimum - getUnicodeRepresentation" classname="edu.uoc.trip.model.cells.CellTypeTest" time="0.0"/>
  <testcase name="Minimum - getAvailableConnections" classname="edu.uoc.trip.model.cells.CellTypeTest" time="0.002"/>
  <testcase name="Minimum - next" classname="edu.uoc.trip.model.cells.CellTypeTest" time="0.001"/>
  <testcase name="Minimum - getImageSrc" classname="edu.uoc.trip.model.cells.CellTypeTest" time="0.002"/>
  <testcase name="Minimum - map2CellType" classname="edu.uoc.trip.model.cells.CellTypeTest" time="0.001"/>
  <testcase name="Minimum - getFileSymbol" classname="edu.uoc.trip.model.cells.CellTypeTest" time="0.003"/>
  <system-out><![CDATA[]]></system-out>
  <system-err><![CDATA[]]></system-err>
</testsuite>
