<?xml version="1.0" encoding="UTF-8"?>
<testsuite name="edu.uoc.trip.model.cells.MovableCellTest" tests="3" skipped="0" failures="0" errors="0" timestamp="2022-09-15T15:52:22" hostname="DESKTOP-SBT5L69" time="0.01">
  <properties/>
  <testcase name="Minimum - isRotatable" classname="edu.uoc.trip.model.cells.MovableCellTest" time="0.005"/>
  <testcase name="Minimum - move" classname="edu.uoc.trip.model.cells.MovableCellTest" time="0.001"/>
  <testcase name="Minimum - isMovable" classname="edu.uoc.trip.model.cells.MovableCellTest" time="0.001"/>
  <system-out><![CDATA[]]></system-out>
  <system-err><![CDATA[]]></system-err>
</testsuite>
