<?xml version="1.0" encoding="UTF-8"?>
<testsuite name="edu.uoc.trip.model.levels.DirectionTest" tests="4" skipped="0" failures="0" errors="0" timestamp="2022-09-15T15:52:22" hostname="DESKTOP-SBT5L69" time="0.005">
  <properties/>
  <testcase name="Minimum - getValueByIndex" classname="edu.uoc.trip.model.levels.DirectionTest" time="0.0"/>
  <testcase name="Minimum - getDRow" classname="edu.uoc.trip.model.levels.DirectionTest" time="0.001"/>
  <testcase name="Minimum - getDColumn" classname="edu.uoc.trip.model.levels.DirectionTest" time="0.0"/>
  <testcase name="Minimum - getOpposite" classname="edu.uoc.trip.model.levels.DirectionTest" time="0.001"/>
  <system-out><![CDATA[]]></system-out>
  <system-err><![CDATA[]]></system-err>
</testsuite>
