<?xml version="1.0" encoding="UTF-8"?>
<testsuite name="edu.uoc.trip.model.cells.CellFactoryTest" tests="3" skipped="0" failures="0" errors="0" timestamp="2022-09-15T15:51:41" hostname="DESKTOP-SBT5L69" time="0.016">
  <properties/>
  <testcase name="Sanity - Methods definition" classname="edu.uoc.trip.model.cells.CellFactoryTest" time="0.004"/>
  <testcase name="Sanity - getCellInstance definition" classname="edu.uoc.trip.model.cells.CellFactoryTest" time="0.011"/>
  <testcase name="Sanity - Fields definition" classname="edu.uoc.trip.model.cells.CellFactoryTest" time="0.001"/>
  <system-out><![CDATA[]]></system-out>
  <system-err><![CDATA[]]></system-err>
</testsuite>
