<?xml version="1.0" encoding="UTF-8"?>
<testsuite name="edu.uoc.trip.model.levels.LevelTest" tests="3" skipped="0" failures="0" errors="0" timestamp="2022-09-15T15:51:41" hostname="DESKTOP-SBT5L69" time="0.027">
  <properties/>
  <testcase name="Sanity - Class definition" classname="edu.uoc.trip.model.levels.LevelTest" time="0.009"/>
  <testcase name="Sanity - Methods definition" classname="edu.uoc.trip.model.levels.LevelTest" time="0.009"/>
  <testcase name="Sanity - Fields definition" classname="edu.uoc.trip.model.levels.LevelTest" time="0.007"/>
  <system-out><![CDATA[]]></system-out>
  <system-err><![CDATA[]]></system-err>
</testsuite>
