<?xml version="1.0" encoding="UTF-8"?>
<testsuite name="edu.uoc.trip.model.levels.LevelDifficultyTest" tests="3" skipped="0" failures="0" errors="0" timestamp="2022-09-15T15:53:14" hostname="DESKTOP-SBT5L69" time="0.013">
  <properties/>
  <testcase name="Sanity - Methods and Constructors definition" classname="edu.uoc.trip.model.levels.LevelDifficultyTest" time="0.001"/>
  <testcase name="Sanity - Enum definition" classname="edu.uoc.trip.model.levels.LevelDifficultyTest" time="0.003"/>
  <testcase name="Sanity - Fields definition" classname="edu.uoc.trip.model.levels.LevelDifficultyTest" time="0.008"/>
  <system-out><![CDATA[]]></system-out>
  <system-err><![CDATA[]]></system-err>
</testsuite>
