<?xml version="1.0" encoding="UTF-8"?>
<testsuite name="edu.uoc.trip.controller.GameTest" tests="5" skipped="0" failures="0" errors="0" timestamp="2022-09-15T15:53:13" hostname="DESKTOP-SBT5L69" time="0.139">
  <properties/>
  <testcase name="Sanity - Class definition" classname="edu.uoc.trip.controller.GameTest" time="0.06"/>
  <testcase name="Sanity - Methods definition" classname="edu.uoc.trip.controller.GameTest" time="0.006"/>
  <testcase name="Controller - reload" classname="edu.uoc.trip.controller.GameTest" time="0.058"/>
  <testcase name="Controller - nextLevel" classname="edu.uoc.trip.controller.GameTest" time="0.009"/>
  <testcase name="Sanity - Fields definition" classname="edu.uoc.trip.controller.GameTest" time="0.004"/>
  <system-out><![CDATA[]]></system-out>
  <system-err><![CDATA[]]></system-err>
</testsuite>
