<?xml version="1.0" encoding="UTF-8"?>
<testsuite name="edu.uoc.trip.model.utils.CoordinateTest" tests="8" skipped="0" failures="0" errors="0" timestamp="2022-09-15T15:53:14" hostname="DESKTOP-SBT5L69" time="0.011">
  <properties/>
  <testcase name="Sanity - Class definition" classname="edu.uoc.trip.model.utils.CoordinateTest" time="0.002"/>
  <testcase name="Sanity - Methods definition" classname="edu.uoc.trip.model.utils.CoordinateTest" time="0.003"/>
  <testcase name="Minimum - getRow" classname="edu.uoc.trip.model.utils.CoordinateTest" time="0.0"/>
  <testcase name="Minimum - toString" classname="edu.uoc.trip.model.utils.CoordinateTest" time="0.001"/>
  <testcase name="Minimum - getColumn" classname="edu.uoc.trip.model.utils.CoordinateTest" time="0.0"/>
  <testcase name="Minimum - hashCode" classname="edu.uoc.trip.model.utils.CoordinateTest" time="0.001"/>
  <testcase name="Minimum - equals" classname="edu.uoc.trip.model.utils.CoordinateTest" time="0.001"/>
  <testcase name="Sanity - Fields definition" classname="edu.uoc.trip.model.utils.CoordinateTest" time="0.001"/>
  <system-out><![CDATA[]]></system-out>
  <system-err><![CDATA[]]></system-err>
</testsuite>
