<?xml version="1.0" encoding="UTF-8"?>
<testsuite name="edu.uoc.trip.model.cells.CellTest" tests="10" skipped="0" failures="0" errors="0" timestamp="2022-09-15T15:53:13" hostname="DESKTOP-SBT5L69" time="0.047">
  <properties/>
  <testcase name="Sanity - Class definition" classname="edu.uoc.trip.model.cells.CellTest" time="0.001"/>
  <testcase name="Sanity - Methods definition" classname="edu.uoc.trip.model.cells.CellTest" time="0.005"/>
  <testcase name="Minimum - toString" classname="edu.uoc.trip.model.cells.CellTest" time="0.003"/>
  <testcase name="Minimum - getCoordinate" classname="edu.uoc.trip.model.cells.CellTest" time="0.002"/>
  <testcase name="Minimum - getType" classname="edu.uoc.trip.model.cells.CellTest" time="0.003"/>
  <testcase name="Minimum - isRotatable" classname="edu.uoc.trip.model.cells.CellTest" time="0.001"/>
  <testcase name="Minimum - isMovable" classname="edu.uoc.trip.model.cells.CellTest" time="0.002"/>
  <testcase name="Minimum - setCoordinate" classname="edu.uoc.trip.model.cells.CellTest" time="0.002"/>
  <testcase name="Sanity - Fields definition" classname="edu.uoc.trip.model.cells.CellTest" time="0.004"/>
  <testcase name="Minimum - setType" classname="edu.uoc.trip.model.cells.CellTest" time="0.005"/>
  <system-out><![CDATA[]]></system-out>
  <system-err><![CDATA[]]></system-err>
</testsuite>
