<?xml version="1.0" encoding="UTF-8"?>
<testsuite name="edu.uoc.trip.model.levels.LevelTest" tests="30" skipped="0" failures="0" errors="0" timestamp="2022-09-15T15:53:14" hostname="DESKTOP-SBT5L69" time="0.261">
  <properties/>
  <testcase name="Sanity - Class definition" classname="edu.uoc.trip.model.levels.LevelTest" time="0.004"/>
  <testcase name="Sanity - Methods definition" classname="edu.uoc.trip.model.levels.LevelTest" time="0.005"/>
  <testcase name="Minimum - swapCells" classname="edu.uoc.trip.model.levels.LevelTest" time="0.01"/>
  <testcase name="Minimum - toString" classname="edu.uoc.trip.model.levels.LevelTest" time="0.003"/>
  <testcase name="[1] 1" classname="edu.uoc.trip.model.levels.LevelTest" time="0.039"/>
  <testcase name="[2] 2" classname="edu.uoc.trip.model.levels.LevelTest" time="0.004"/>
  <testcase name="[3] 3" classname="edu.uoc.trip.model.levels.LevelTest" time="0.004"/>
  <testcase name="[4] 4" classname="edu.uoc.trip.model.levels.LevelTest" time="0.005"/>
  <testcase name="[5] 5" classname="edu.uoc.trip.model.levels.LevelTest" time="0.004"/>
  <testcase name="[6] 6" classname="edu.uoc.trip.model.levels.LevelTest" time="0.004"/>
  <testcase name="[7] 7" classname="edu.uoc.trip.model.levels.LevelTest" time="0.004"/>
  <testcase name="[8] 8" classname="edu.uoc.trip.model.levels.LevelTest" time="0.004"/>
  <testcase name="[9] 9" classname="edu.uoc.trip.model.levels.LevelTest" time="0.005"/>
  <testcase name="[1] 1" classname="edu.uoc.trip.model.levels.LevelTest" time="0.005"/>
  <testcase name="[2] 2" classname="edu.uoc.trip.model.levels.LevelTest" time="0.004"/>
  <testcase name="[3] 3" classname="edu.uoc.trip.model.levels.LevelTest" time="0.004"/>
  <testcase name="[4] 4" classname="edu.uoc.trip.model.levels.LevelTest" time="0.004"/>
  <testcase name="[5] 5" classname="edu.uoc.trip.model.levels.LevelTest" time="0.004"/>
  <testcase name="[6] 6" classname="edu.uoc.trip.model.levels.LevelTest" time="0.003"/>
  <testcase name="[7] 7" classname="edu.uoc.trip.model.levels.LevelTest" time="0.005"/>
  <testcase name="[8] 8" classname="edu.uoc.trip.model.levels.LevelTest" time="0.003"/>
  <testcase name="[9] 9" classname="edu.uoc.trip.model.levels.LevelTest" time="0.005"/>
  <testcase name="Minimum - rotateCell" classname="edu.uoc.trip.model.levels.LevelTest" time="0.002"/>
  <testcase name="Minimum - getCell" classname="edu.uoc.trip.model.levels.LevelTest" time="0.004"/>
  <testcase name="Minimum - getSize" classname="edu.uoc.trip.model.levels.LevelTest" time="0.002"/>
  <testcase name="Minimum - getNumMoves" classname="edu.uoc.trip.model.levels.LevelTest" time="0.002"/>
  <testcase name="Sanity - Fields definition" classname="edu.uoc.trip.model.levels.LevelTest" time="0.003"/>
  <testcase name="Minimum - getDifficulty" classname="edu.uoc.trip.model.levels.LevelTest" time="0.005"/>
  <testcase name="Advanced - isSolvedLevel0" classname="edu.uoc.trip.model.levels.LevelTest" time="0.003"/>
  <testcase name="Minimum - Constructor exceptions" classname="edu.uoc.trip.model.levels.LevelTest" time="0.008"/>
  <system-out><![CDATA[]]></system-out>
  <system-err><![CDATA[]]></system-err>
</testsuite>
