<?xml version="1.0" encoding="UTF-8"?>
<testsuite name="edu.uoc.trip.model.levels.LevelExceptionTest" tests="3" skipped="0" failures="0" errors="0" timestamp="2022-09-15T15:53:14" hostname="DESKTOP-SBT5L69" time="0.009">
  <properties/>
  <testcase name="Sanity - Class definition" classname="edu.uoc.trip.model.levels.LevelExceptionTest" time="0.003"/>
  <testcase name="Sanity - Methods and Constructor definition" classname="edu.uoc.trip.model.levels.LevelExceptionTest" time="0.004"/>
  <testcase name="Sanity - Fields definition" classname="edu.uoc.trip.model.levels.LevelExceptionTest" time="0.001"/>
  <system-out><![CDATA[]]></system-out>
  <system-err><![CDATA[]]></system-err>
</testsuite>
