<?xml version="1.0" encoding="UTF-8"?>
<testsuite name="edu.uoc.trip.model.cells.RotatableCellTest" tests="6" skipped="0" failures="0" errors="0" timestamp="2022-09-15T15:53:14" hostname="DESKTOP-SBT5L69" time="0.03">
  <properties/>
  <testcase name="Sanity - Class definition" classname="edu.uoc.trip.model.cells.RotatableCellTest" time="0.004"/>
  <testcase name="Sanity - Methods and Constructors definition" classname="edu.uoc.trip.model.cells.RotatableCellTest" time="0.003"/>
  <testcase name="Minimum - rotate" classname="edu.uoc.trip.model.cells.RotatableCellTest" time="0.002"/>
  <testcase name="Minimum - isRotatable" classname="edu.uoc.trip.model.cells.RotatableCellTest" time="0.0"/>
  <testcase name="Minimum - isMovable" classname="edu.uoc.trip.model.cells.RotatableCellTest" time="0.002"/>
  <testcase name="Sanity - Fields definition" classname="edu.uoc.trip.model.cells.RotatableCellTest" time="0.012"/>
  <system-out><![CDATA[]]></system-out>
  <system-err><![CDATA[]]></system-err>
</testsuite>
